<?xml version="1.0" encoding="UTF-8"?>
<!-- Generated by org.testng.reporters.JUnitReportReporter -->
<testsuite hostname="GURU" failures="0" tests="1" name="api.canarabank.test.Imps_Test" time="2.300" errors="0" timestamp="2024-08-31T17:07:43 IST" skipped="0">
  <testcase classname="api.canarabank.test.Imps_Test" name="getImpsStatus" time="2.300"/>
  <system-out/>
</testsuite> <!-- api.canarabank.test.Imps_Test -->
