<?xml version="1.0" encoding="UTF-8"?>
<!-- Generated by org.testng.reporters.JUnitReportReporter -->
<testsuite hostname="GURU" failures="0" tests="1" name="api.canarabank.test.InternalTransfer_Test" time="5.345" errors="0" timestamp="2024-08-31T17:35:42 IST" skipped="0">
  <testcase classname="api.canarabank.test.InternalTransfer_Test" name="internalTransfer" time="5.345"/>
  <system-out/>
</testsuite> <!-- api.canarabank.test.InternalTransfer_Test -->
