<?xml version="1.0" encoding="UTF-8"?>
<!-- Generated by org.testng.reporters.JUnitReportReporter -->
<testsuite hostname="GURU" failures="0" tests="1" name="eazypayout.test.LoginPageTest" time="45.922" errors="0" timestamp="2024-08-27T17:35:23 IST" skipped="0">
  <testcase classname="eazypayout.test.LoginPageTest" name="testInvalidInputInMobNumField" time="45.922"/>
  <system-out/>
</testsuite> <!-- eazypayout.test.LoginPageTest -->
