<?xml version="1.0" encoding="UTF-8"?>
<!-- Generated by org.testng.reporters.JUnitReportReporter -->
<testsuite hostname="GURU" failures="0" tests="1" name="api.canarabank.test.Account_stats" time="4.089" errors="0" timestamp="2024-08-31T17:39:19 IST" skipped="0">
  <testcase classname="api.canarabank.test.Account_stats" name="getAvlBalance" time="4.089"/>
  <system-out/>
</testsuite> <!-- api.canarabank.test.Account_stats -->
