<?xml version="1.0" encoding="UTF-8"?>
<!-- Generated by org.testng.reporters.JUnitReportReporter -->
<testsuite hostname="GURU" failures="0" tests="1" name="api.canarabank.test.Neft_Test" time="3.476" errors="0" timestamp="2024-08-31T17:00:44 IST" skipped="0">
  <testcase classname="api.canarabank.test.Neft_Test" name="getNeftStatus" time="3.476"/>
  <system-out/>
</testsuite> <!-- api.canarabank.test.Neft_Test -->
